\BOOKMARK [1][-]{section.1}{\376\377\000M\000i\000s\000u\000r\000a\000\040\000e\000\040\000i\000n\000t\000e\000g\000r\000a\000z\000i\000o\000n\000e\000\040\000d\000i\000\040\000L\000e\000b\000e\000s\000g\000u\000e}{}% 1
\BOOKMARK [2][-]{subsection.1.1}{\376\377\000A\000l\000g\000e\000b\000r\000e\000,\000\040\000-\000a\000l\000g\000e\000b\000r\000e\000,\000\040\000m\000i\000s\000u\000r\000e}{section.1}% 2
\BOOKMARK [2][-]{subsection.1.2}{\376\377\000M\000i\000s\000u\000r\000a\000\040\000e\000s\000t\000e\000r\000n\000a}{section.1}% 3
\BOOKMARK [2][-]{subsection.1.3}{\376\377\000M\000i\000s\000u\000r\000a\000\040\000d\000i\000\040\000L\000e\000b\000e\000s\000g\000u\000e}{section.1}% 4
\BOOKMARK [2][-]{subsection.1.4}{\376\377\000I\000n\000s\000i\000e\000m\000i\000\040\000T\000r\000a\000s\000c\000u\000r\000a\000b\000i\000l\000i}{section.1}% 5
\BOOKMARK [2][-]{subsection.1.5}{\376\377\000F\000u\000n\000z\000i\000o\000n\000i\000\040\000m\000i\000s\000u\000r\000a\000b\000i\000l\000i}{section.1}% 6
\BOOKMARK [2][-]{subsection.1.6}{\376\377\000I\000n\000t\000e\000g\000r\000a\000l\000e\000\040\000d\000i\000\040\000L\000e\000b\000e\000s\000g\000u\000e}{section.1}% 7
\BOOKMARK [2][-]{subsection.1.7}{\376\377\000T\000e\000o\000r\000e\000m\000i\000\040\000d\000i\000\040\000p\000a\000s\000s\000a\000g\000g\000i\000o\000\040\000a\000l\000\040\000l\000i\000m\000i\000t\000e\000\040\000s\000o\000t\000t\000o\000\040\000i\000l\000\040\000s\000e\000g\000n\000o\000\040\000d\000i\000\040\000i\000n\000t\000e\000g\000r\000a\000l\000e}{section.1}% 8
\BOOKMARK [2][-]{subsection.1.8}{\376\377\000C\000o\000n\000v\000e\000r\000g\000e\000n\000z\000e\000\040\000d\000i\000\040\000f\000u\000n\000z\000i\000o\000n\000i\000\040\000m\000i\000s\000u\000r\000a\000b\000i\000l\000i}{section.1}% 9
\BOOKMARK [2][-]{subsection.1.9}{\376\377\000T\000e\000o\000r\000e\000m\000i\000\040\000d\000i\000\040\000F\000u\000b\000i\000n\000i\000\040\000e\000\040\000T\000o\000n\000e\000l\000l\000i}{section.1}% 10
\BOOKMARK [2][-]{subsection.1.10}{\376\377\000M\000i\000s\000u\000r\000e\000\040\000R\000e\000l\000a\000t\000i\000v\000e}{section.1}% 11
\BOOKMARK [2][-]{subsection.1.11}{\376\377\000D\000e\000r\000i\000v\000a\000t\000a\000\040\000d\000i\000\040\000R\000a\000d\000o\000n\000-\000N\000i\000k\000o\000d\000y\000m}{section.1}% 12
\BOOKMARK [2][-]{subsection.1.12}{\376\377\000M\000i\000s\000u\000r\000e\000\040\000d\000i\000\040\000L\000e\000b\000e\000s\000g\000u\000e\000-\000S\000t\000i\000e\000l\000t\000j\000e\000s}{section.1}% 13
\BOOKMARK [1][-]{section.2}{\376\377\000A\000n\000a\000l\000i\000s\000i\000\040\000F\000u\000n\000z\000i\000o\000n\000a\000l\000e}{}% 14
\BOOKMARK [2][-]{subsection.2.1}{\376\377\000S\000p\000a\000z\000i\000\040\000n\000o\000r\000m\000a\000t\000i}{section.2}% 15
\BOOKMARK [2][-]{subsection.2.2}{\376\377\000S\000p\000a\000z\000i\000\040\000L\000p\000\040}{section.2}% 16
\BOOKMARK [2][-]{subsection.2.3}{\376\377\000S\000p\000a\000z\000i\000\040\000d\000i\000\040\000H\000i\000l\000b\000e\000r\000t}{section.2}% 17
\BOOKMARK [2][-]{subsection.2.4}{\376\377\000R\000i\000s\000u\000l\000t\000a\000t\000i\000\040\000d\000i\000\040\000d\000e\000n\000s\000i\000t\000\340\000\040\000s\000u\000\040\000L\000p\000\050\000\051\000\040}{section.2}% 18
\BOOKMARK [2][-]{subsection.2.5}{\376\377\000O\000p\000e\000r\000a\000t\000o\000r\000i\000\040\000l\000i\000n\000e\000a\000r\000i\000\040\000e\000\040\000c\000o\000n\000t\000i\000n\000u\000i\000\040\000t\000r\000a\000\040\000s\000p\000a\000z\000i\000\040\000n\000o\000r\000m\000a\000t\000i}{section.2}% 19
\BOOKMARK [2][-]{subsection.2.6}{\376\377\000S\000p\000a\000z\000i\000\040\000d\000i\000\040\000s\000u\000c\000c\000e\000s\000s\000i\000o\000n\000i\000\040\000p\000\040}{section.2}% 20
\BOOKMARK [2][-]{subsection.2.7}{\376\377\000F\000u\000n\000z\000i\000o\000n\000i\000\040\000a\000\040\000v\000a\000r\000i\000a\000z\000i\000o\000n\000e\000\040\000l\000i\000m\000i\000t\000a\000t\000a}{section.2}% 21
\BOOKMARK [2][-]{subsection.2.8}{\376\377\000E\000s\000t\000e\000n\000s\000i\000o\000n\000e\000\040\000d\000i\000\040\000a\000l\000t\000r\000e\000\040\000f\000o\000r\000m\000u\000l\000e\000\040\000d\000i\000\040\000i\000n\000t\000e\000g\000r\000a\000z\000i\000o\000n\000e}{section.2}% 22
\BOOKMARK [2][-]{subsection.2.9}{\376\377\000S\000p\000a\000z\000i\000\040\000d\000i\000\040\000S\000o\000b\000o\000l\000e\000v}{section.2}% 23
